This file contains any messages produced by compilers while
running configure, to aid debugging if configure makes a mistake.

It was created by configure, which was
generated by GNU Autoconf 2.65.  Invocation command line was

  $ ./configure 

## --------- ##
## Platform. ##
## --------- ##

hostname = fireball
uname -m = x86_64
uname -r = 2.6.18-194.32.1.el5
uname -s = Linux
uname -v = #1 SMP Mon Dec 20 10:52:42 EST 2010

/usr/bin/uname -p = unknown
/bin/uname -X     = unknown

/bin/arch              = x86_64
/usr/bin/arch -k       = unknown
/usr/convex/getsysinfo = unknown
/usr/bin/hostinfo      = unknown
/bin/machine           = unknown
/usr/bin/oslevel       = unknown
/bin/universe          = unknown

PATH: /usr/lib64/qt-3.3/bin
PATH: /usr/local/bin
PATH: /usr/local/stowed/bin
PATH: /usr/bin
PATH: /bin
PATH: /opt/SUNWut/bin
PATH: /usr/kerberos/bin
PATH: /usr/X11R6/bin
PATH: /usr/kerberos/sbin
PATH: /usr/local/sbin
PATH: /usr/local/stowed/sbin
PATH: /opt/sfw/sbin
PATH: /opt/SUNWut/sbin
PATH: /usr/sbin
PATH: /sbin
PATH: /opt/csw/sbin
PATH: /fs/domain/bin


## ----------- ##
## Core tests. ##
## ----------- ##

configure:2162: checking for nasm
configure:2195: result: no
configure:2299: checking for gcc
configure:2315: found /usr/bin/gcc
configure:2326: result: gcc
configure:2555: checking for C compiler version
configure:2564: gcc --version >&5
gcc (GCC) 4.1.2 20080704 (Red Hat 4.1.2-50)
Copyright (C) 2006 Free Software Foundation, Inc.
This is free software; see the source for copying conditions.  There is NO
warranty; not even for MERCHANTABILITY or FITNESS FOR A PARTICULAR PURPOSE.

configure:2575: $? = 0
configure:2564: gcc -v >&5
Using built-in specs.
Target: x86_64-redhat-linux
Configured with: ../configure --prefix=/usr --mandir=/usr/share/man --infodir=/usr/share/info --enable-shared --enable-threads=posix --enable-checking=release --with-system-zlib --enable-__cxa_atexit --disable-libunwind-exceptions --enable-libgcj-multifile --enable-languages=c,c++,objc,obj-c++,java,fortran,ada --enable-java-awt=gtk --disable-dssi --disable-plugin --with-java-home=/usr/lib/jvm/java-1.4.2-gcj-1.4.2.0/jre --with-cpu=generic --host=x86_64-redhat-linux
Thread model: posix
gcc version 4.1.2 20080704 (Red Hat 4.1.2-50)
configure:2575: $? = 0
configure:2564: gcc -V >&5
gcc: '-V' option must have argument
configure:2575: $? = 1
configure:2564: gcc -qversion >&5
gcc: unrecognized option '-qversion'
gcc: no input files
configure:2575: $? = 1
configure:2595: checking whether the C compiler works
configure:2617: gcc    conftest.c  >&5
configure:2621: $? = 0
configure:2670: result: yes
configure:2673: checking for C compiler default output file name
configure:2675: result: a.out
configure:2681: checking for suffix of executables
configure:2688: gcc -o conftest    conftest.c  >&5
configure:2692: $? = 0
configure:2714: result: 
configure:2736: checking whether we are cross compiling
configure:2744: gcc -o conftest    conftest.c  >&5
configure:2748: $? = 0
configure:2755: ./conftest
configure:2759: $? = 0
configure:2774: result: no
configure:2779: checking for suffix of object files
configure:2801: gcc -c   conftest.c >&5
configure:2805: $? = 0
configure:2826: result: o
configure:2830: checking whether we are using the GNU C compiler
configure:2849: gcc -c   conftest.c >&5
configure:2849: $? = 0
configure:2858: result: yes
configure:2867: checking whether gcc accepts -g
configure:2887: gcc -c -g  conftest.c >&5
configure:2887: $? = 0
configure:2928: result: yes
configure:2945: checking for gcc option to accept ISO C89
configure:3009: gcc  -c -g -O2  conftest.c >&5
configure:3009: $? = 0
configure:3022: result: none needed
configure:3048: checking how to run the C preprocessor
configure:3079: gcc -E  conftest.c
configure:3079: $? = 0
configure:3093: gcc -E  conftest.c
conftest.c:9:28: error: ac_nonexistent.h: No such file or directory
configure:3093: $? = 1
configure: failed program was:
| /* confdefs.h */
| #define PACKAGE_NAME ""
| #define PACKAGE_TARNAME ""
| #define PACKAGE_VERSION ""
| #define PACKAGE_STRING ""
| #define PACKAGE_BUGREPORT ""
| #define PACKAGE_URL ""
| /* end confdefs.h.  */
| #include <ac_nonexistent.h>
configure:3118: result: gcc -E
configure:3138: gcc -E  conftest.c
configure:3138: $? = 0
configure:3152: gcc -E  conftest.c
conftest.c:9:28: error: ac_nonexistent.h: No such file or directory
configure:3152: $? = 1
configure: failed program was:
| /* confdefs.h */
| #define PACKAGE_NAME ""
| #define PACKAGE_TARNAME ""
| #define PACKAGE_VERSION ""
| #define PACKAGE_STRING ""
| #define PACKAGE_BUGREPORT ""
| #define PACKAGE_URL ""
| /* end confdefs.h.  */
| #include <ac_nonexistent.h>
configure:3181: checking for grep that handles long lines and -e
configure:3239: result: /bin/grep
configure:3244: checking for egrep
configure:3306: result: /bin/grep -E
configure:3311: checking for ANSI C header files
configure:3331: gcc -c -g -O2  conftest.c >&5
configure:3331: $? = 0
configure:3404: gcc -o conftest -g -O2   conftest.c  >&5
configure:3404: $? = 0
configure:3404: ./conftest
configure:3404: $? = 0
configure:3415: result: yes
configure:3428: checking for sys/types.h
configure:3428: gcc -c -g -O2  conftest.c >&5
configure:3428: $? = 0
configure:3428: result: yes
configure:3428: checking for sys/stat.h
configure:3428: gcc -c -g -O2  conftest.c >&5
configure:3428: $? = 0
configure:3428: result: yes
configure:3428: checking for stdlib.h
configure:3428: gcc -c -g -O2  conftest.c >&5
configure:3428: $? = 0
configure:3428: result: yes
configure:3428: checking for string.h
configure:3428: gcc -c -g -O2  conftest.c >&5
configure:3428: $? = 0
configure:3428: result: yes
configure:3428: checking for memory.h
configure:3428: gcc -c -g -O2  conftest.c >&5
configure:3428: $? = 0
configure:3428: result: yes
configure:3428: checking for strings.h
configure:3428: gcc -c -g -O2  conftest.c >&5
configure:3428: $? = 0
configure:3428: result: yes
configure:3428: checking for inttypes.h
configure:3428: gcc -c -g -O2  conftest.c >&5
configure:3428: $? = 0
configure:3428: result: yes
configure:3428: checking for stdint.h
configure:3428: gcc -c -g -O2  conftest.c >&5
configure:3428: $? = 0
configure:3428: result: yes
configure:3428: checking for unistd.h
configure:3428: gcc -c -g -O2  conftest.c >&5
configure:3428: $? = 0
configure:3428: result: yes
configure:3442: checking minix/config.h usability
configure:3442: gcc -c -g -O2  conftest.c >&5
conftest.c:52:26: error: minix/config.h: No such file or directory
configure:3442: $? = 1
configure: failed program was:
| /* confdefs.h */
| #define PACKAGE_NAME ""
| #define PACKAGE_TARNAME ""
| #define PACKAGE_VERSION ""
| #define PACKAGE_STRING ""
| #define PACKAGE_BUGREPORT ""
| #define PACKAGE_URL ""
| #define STDC_HEADERS 1
| #define HAVE_SYS_TYPES_H 1
| #define HAVE_SYS_STAT_H 1
| #define HAVE_STDLIB_H 1
| #define HAVE_STRING_H 1
| #define HAVE_MEMORY_H 1
| #define HAVE_STRINGS_H 1
| #define HAVE_INTTYPES_H 1
| #define HAVE_STDINT_H 1
| #define HAVE_UNISTD_H 1
| /* end confdefs.h.  */
| #include <stdio.h>
| #ifdef HAVE_SYS_TYPES_H
| # include <sys/types.h>
| #endif
| #ifdef HAVE_SYS_STAT_H
| # include <sys/stat.h>
| #endif
| #ifdef STDC_HEADERS
| # include <stdlib.h>
| # include <stddef.h>
| #else
| # ifdef HAVE_STDLIB_H
| #  include <stdlib.h>
| # endif
| #endif
| #ifdef HAVE_STRING_H
| # if !defined STDC_HEADERS && defined HAVE_MEMORY_H
| #  include <memory.h>
| # endif
| # include <string.h>
| #endif
| #ifdef HAVE_STRINGS_H
| # include <strings.h>
| #endif
| #ifdef HAVE_INTTYPES_H
| # include <inttypes.h>
| #endif
| #ifdef HAVE_STDINT_H
| # include <stdint.h>
| #endif
| #ifdef HAVE_UNISTD_H
| # include <unistd.h>
| #endif
| #include <minix/config.h>
configure:3442: result: no
configure:3442: checking minix/config.h presence
configure:3442: gcc -E  conftest.c
conftest.c:19:26: error: minix/config.h: No such file or directory
configure:3442: $? = 1
configure: failed program was:
| /* confdefs.h */
| #define PACKAGE_NAME ""
| #define PACKAGE_TARNAME ""
| #define PACKAGE_VERSION ""
| #define PACKAGE_STRING ""
| #define PACKAGE_BUGREPORT ""
| #define PACKAGE_URL ""
| #define STDC_HEADERS 1
| #define HAVE_SYS_TYPES_H 1
| #define HAVE_SYS_STAT_H 1
| #define HAVE_STDLIB_H 1
| #define HAVE_STRING_H 1
| #define HAVE_MEMORY_H 1
| #define HAVE_STRINGS_H 1
| #define HAVE_INTTYPES_H 1
| #define HAVE_STDINT_H 1
| #define HAVE_UNISTD_H 1
| /* end confdefs.h.  */
| #include <minix/config.h>
configure:3442: result: no
configure:3442: checking for minix/config.h
configure:3442: result: no
configure:3463: checking whether it is safe to define __EXTENSIONS__
configure:3481: gcc -c -g -O2  conftest.c >&5
configure:3481: $? = 0
configure:3488: result: yes
configure:3550: checking for gcc
configure:3577: result: gcc
configure:3806: checking for C compiler version
configure:3815: gcc --version >&5
gcc (GCC) 4.1.2 20080704 (Red Hat 4.1.2-50)
Copyright (C) 2006 Free Software Foundation, Inc.
This is free software; see the source for copying conditions.  There is NO
warranty; not even for MERCHANTABILITY or FITNESS FOR A PARTICULAR PURPOSE.

configure:3826: $? = 0
configure:3815: gcc -v >&5
Using built-in specs.
Target: x86_64-redhat-linux
Configured with: ../configure --prefix=/usr --mandir=/usr/share/man --infodir=/usr/share/info --enable-shared --enable-threads=posix --enable-checking=release --with-system-zlib --enable-__cxa_atexit --disable-libunwind-exceptions --enable-libgcj-multifile --enable-languages=c,c++,objc,obj-c++,java,fortran,ada --enable-java-awt=gtk --disable-dssi --disable-plugin --with-java-home=/usr/lib/jvm/java-1.4.2-gcj-1.4.2.0/jre --with-cpu=generic --host=x86_64-redhat-linux
Thread model: posix
gcc version 4.1.2 20080704 (Red Hat 4.1.2-50)
configure:3826: $? = 0
configure:3815: gcc -V >&5
gcc: '-V' option must have argument
configure:3826: $? = 1
configure:3815: gcc -qversion >&5
gcc: unrecognized option '-qversion'
gcc: no input files
configure:3826: $? = 1
configure:3830: checking whether we are using the GNU C compiler
configure:3858: result: yes
configure:3867: checking whether gcc accepts -g
configure:3928: result: yes
configure:3945: checking for gcc option to accept ISO C89
configure:4022: result: none needed
configure:4042: checking whether ln -s works
configure:4046: result: yes
configure:4053: checking whether make sets $(MAKE)
configure:4075: result: yes
configure:4167: checking for a BSD-compatible install
configure:4235: result: /usr/bin/install -c
configure:4247: checking if gcc accepts -W
configure:4262: gcc -o conftest -g -O2 -W   conftest.c  >&5
configure:4262: $? = 0
configure:4263: result: yes
configure:4272: checking if gcc accepts -Wall
configure:4287: gcc -o conftest -g -O2 -W -Wall   conftest.c  >&5
configure:4287: $? = 0
configure:4288: result: yes
configure:4297: checking if gcc accepts -std=c99
configure:4312: gcc -o conftest -g -O2 -W -Wall -std=c99   conftest.c  >&5
configure:4312: $? = 0
configure:4313: result: yes
configure:4322: checking if gcc accepts -pedantic
configure:4337: gcc -o conftest -g -O2 -W -Wall -std=c99 -pedantic   conftest.c  >&5
configure:4337: $? = 0
configure:4338: result: yes
configure:4352: checking for nroff
configure:4368: found /usr/bin/nroff
configure:4379: result: nroff
configure:4395: checking for acrodist
configure:4425: result: no
configure:4438: checking for ps2pdf
configure:4454: found /usr/bin/ps2pdf
configure:4465: result: ps2pdf
configure:4481: checking for pstopdf
configure:4511: result: no
configure:4521: checking for ANSI C header files
configure:4625: result: yes
configure:4639: checking limits.h usability
configure:4639: gcc -c -g -O2 -W -Wall -std=c99 -pedantic  conftest.c >&5
configure:4639: $? = 0
configure:4639: result: yes
configure:4639: checking limits.h presence
configure:4639: gcc -E  conftest.c
configure:4639: $? = 0
configure:4639: result: yes
configure:4639: checking for limits.h
configure:4639: result: yes
configure:4655: checking for inttypes.h
configure:4655: result: yes
configure:4670: checking for strings.h
configure:4670: result: yes
configure:4683: checking stdbool.h usability
configure:4683: gcc -c -g -O2 -W -Wall -std=c99 -pedantic  conftest.c >&5
configure:4683: $? = 0
configure:4683: result: yes
configure:4683: checking stdbool.h presence
configure:4683: gcc -E  conftest.c
configure:4683: $? = 0
configure:4683: result: yes
configure:4683: checking for stdbool.h
configure:4683: result: yes
configure:4694: checking for an ANSI C-conforming const
configure:4759: gcc -c -g -O2 -W -Wall -std=c99 -pedantic  conftest.c >&5
conftest.c: In function 'main':
conftest.c:58: warning: 't' is used uninitialized in this function
conftest.c:74: warning: 'b' is used uninitialized in this function
conftest.c:80: warning: 'cs[0]' is used uninitialized in this function
configure:4759: $? = 0
configure:4766: result: yes
configure:4774: checking for inline
configure:4790: gcc -c -g -O2 -W -Wall -std=c99 -pedantic  conftest.c >&5
configure:4790: $? = 0
configure:4798: result: inline
configure:4816: checking for C/C++ restrict keyword
configure:4841: gcc -c -g -O2 -W -Wall -std=c99 -pedantic  conftest.c >&5
configure:4841: $? = 0
configure:4849: result: __restrict
configure:4862: checking for size_t
configure:4862: gcc -c -g -O2 -W -Wall -std=c99 -pedantic  conftest.c >&5
configure:4862: $? = 0
configure:4862: gcc -c -g -O2 -W -Wall -std=c99 -pedantic  conftest.c >&5
conftest.c: In function 'main':
conftest.c:66: error: expected expression before ')' token
configure:4862: $? = 1
configure: failed program was:
| /* confdefs.h */
| #define PACKAGE_NAME ""
| #define PACKAGE_TARNAME ""
| #define PACKAGE_VERSION ""
| #define PACKAGE_STRING ""
| #define PACKAGE_BUGREPORT ""
| #define PACKAGE_URL ""
| #define STDC_HEADERS 1
| #define HAVE_SYS_TYPES_H 1
| #define HAVE_SYS_STAT_H 1
| #define HAVE_STDLIB_H 1
| #define HAVE_STRING_H 1
| #define HAVE_MEMORY_H 1
| #define HAVE_STRINGS_H 1
| #define HAVE_INTTYPES_H 1
| #define HAVE_STDINT_H 1
| #define HAVE_UNISTD_H 1
| #define __EXTENSIONS__ 1
| #define _ALL_SOURCE 1
| #define _GNU_SOURCE 1
| #define _POSIX_PTHREAD_SEMANTICS 1
| #define _TANDEM_SOURCE 1
| #define STDC_HEADERS 1
| #define HAVE_LIMITS_H 1
| #define HAVE_INTTYPES_H 1
| #define HAVE_STRINGS_H 1
| #define HAVE_STDBOOL_H 1
| #define restrict __restrict
| /* end confdefs.h.  */
| #include <stdio.h>
| #ifdef HAVE_SYS_TYPES_H
| # include <sys/types.h>
| #endif
| #ifdef HAVE_SYS_STAT_H
| # include <sys/stat.h>
| #endif
| #ifdef STDC_HEADERS
| # include <stdlib.h>
| # include <stddef.h>
| #else
| # ifdef HAVE_STDLIB_H
| #  include <stdlib.h>
| # endif
| #endif
| #ifdef HAVE_STRING_H
| # if !defined STDC_HEADERS && defined HAVE_MEMORY_H
| #  include <memory.h>
| # endif
| # include <string.h>
| #endif
| #ifdef HAVE_STRINGS_H
| # include <strings.h>
| #endif
| #ifdef HAVE_INTTYPES_H
| # include <inttypes.h>
| #endif
| #ifdef HAVE_STDINT_H
| # include <stdint.h>
| #endif
| #ifdef HAVE_UNISTD_H
| # include <unistd.h>
| #endif
| int
| main ()
| {
| if (sizeof ((size_t)))
| 	    return 0;
|   ;
|   return 0;
| }
configure:4862: result: yes
configure:4873: checking if gcc has a working bool type
configure:4887: gcc -c -g -O2 -W -Wall -std=c99 -pedantic  conftest.c >&5
configure:4887: $? = 0
configure:4888: result: yes
configure:4899: checking whether byte ordering is bigendian
configure:4914: gcc -c -g -O2 -W -Wall -std=c99 -pedantic  conftest.c >&5
conftest.c:32: error: expected '=', ',', ';', 'asm' or '__attribute__' before 'a'
configure:4914: $? = 1
configure: failed program was:
| /* confdefs.h */
| #define PACKAGE_NAME ""
| #define PACKAGE_TARNAME ""
| #define PACKAGE_VERSION ""
| #define PACKAGE_STRING ""
| #define PACKAGE_BUGREPORT ""
| #define PACKAGE_URL ""
| #define STDC_HEADERS 1
| #define HAVE_SYS_TYPES_H 1
| #define HAVE_SYS_STAT_H 1
| #define HAVE_STDLIB_H 1
| #define HAVE_STRING_H 1
| #define HAVE_MEMORY_H 1
| #define HAVE_STRINGS_H 1
| #define HAVE_INTTYPES_H 1
| #define HAVE_STDINT_H 1
| #define HAVE_UNISTD_H 1
| #define __EXTENSIONS__ 1
| #define _ALL_SOURCE 1
| #define _GNU_SOURCE 1
| #define _POSIX_PTHREAD_SEMANTICS 1
| #define _TANDEM_SOURCE 1
| #define STDC_HEADERS 1
| #define HAVE_LIMITS_H 1
| #define HAVE_INTTYPES_H 1
| #define HAVE_STRINGS_H 1
| #define HAVE_STDBOOL_H 1
| #define restrict __restrict
| #define HAVE_WORKING_BOOL 1
| /* end confdefs.h.  */
| #ifndef __APPLE_CC__
| 	       not a universal capable compiler
| 	     #endif
| 	     typedef int dummy;
| 
configure:4959: gcc -c -g -O2 -W -Wall -std=c99 -pedantic  conftest.c >&5
configure:4959: $? = 0
configure:4977: gcc -c -g -O2 -W -Wall -std=c99 -pedantic  conftest.c >&5
conftest.c: In function 'main':
conftest.c:38: error: 'not' undeclared (first use in this function)
conftest.c:38: error: (Each undeclared identifier is reported only once
conftest.c:38: error: for each function it appears in.)
conftest.c:38: error: expected ';' before 'big'
configure:4977: $? = 1
configure: failed program was:
| /* confdefs.h */
| #define PACKAGE_NAME ""
| #define PACKAGE_TARNAME ""
| #define PACKAGE_VERSION ""
| #define PACKAGE_STRING ""
| #define PACKAGE_BUGREPORT ""
| #define PACKAGE_URL ""
| #define STDC_HEADERS 1
| #define HAVE_SYS_TYPES_H 1
| #define HAVE_SYS_STAT_H 1
| #define HAVE_STDLIB_H 1
| #define HAVE_STRING_H 1
| #define HAVE_MEMORY_H 1
| #define HAVE_STRINGS_H 1
| #define HAVE_INTTYPES_H 1
| #define HAVE_STDINT_H 1
| #define HAVE_UNISTD_H 1
| #define __EXTENSIONS__ 1
| #define _ALL_SOURCE 1
| #define _GNU_SOURCE 1
| #define _POSIX_PTHREAD_SEMANTICS 1
| #define _TANDEM_SOURCE 1
| #define STDC_HEADERS 1
| #define HAVE_LIMITS_H 1
| #define HAVE_INTTYPES_H 1
| #define HAVE_STRINGS_H 1
| #define HAVE_STDBOOL_H 1
| #define restrict __restrict
| #define HAVE_WORKING_BOOL 1
| /* end confdefs.h.  */
| #include <sys/types.h>
| 		#include <sys/param.h>
| 
| int
| main ()
| {
| #if BYTE_ORDER != BIG_ENDIAN
| 		 not big endian
| 		#endif
| 
|   ;
|   return 0;
| }
configure:5105: result: no
configure:5131: checking for strcspn
configure:5131: gcc -o conftest -g -O2 -W -Wall -std=c99 -pedantic   conftest.c  >&5
conftest.c:55: warning: conflicting types for built-in function 'strcspn'
configure:5131: $? = 0
configure:5131: result: yes
configure:5145: checking for strspn
configure:5145: gcc -o conftest -g -O2 -W -Wall -std=c99 -pedantic   conftest.c  >&5
conftest.c:56: warning: conflicting types for built-in function 'strspn'
configure:5145: $? = 0
configure:5145: result: yes
configure:5161: checking for vsnprintf
configure:5161: gcc -o conftest -g -O2 -W -Wall -std=c99 -pedantic   conftest.c  >&5
conftest.c:57: warning: conflicting types for built-in function 'vsnprintf'
configure:5161: $? = 0
configure:5161: result: yes
configure:5161: checking for _vsnprintf
configure:5161: gcc -o conftest -g -O2 -W -Wall -std=c99 -pedantic   conftest.c  >&5
/tmp/ccMYXEJJ.o: In function `main':
/fs/junkfood/bryanta/nasm-2.09.05/conftest.c:69: undefined reference to `_vsnprintf'
collect2: ld returned 1 exit status
configure:5161: $? = 1
configure: failed program was:
| /* confdefs.h */
| #define PACKAGE_NAME ""
| #define PACKAGE_TARNAME ""
| #define PACKAGE_VERSION ""
| #define PACKAGE_STRING ""
| #define PACKAGE_BUGREPORT ""
| #define PACKAGE_URL ""
| #define STDC_HEADERS 1
| #define HAVE_SYS_TYPES_H 1
| #define HAVE_SYS_STAT_H 1
| #define HAVE_STDLIB_H 1
| #define HAVE_STRING_H 1
| #define HAVE_MEMORY_H 1
| #define HAVE_STRINGS_H 1
| #define HAVE_INTTYPES_H 1
| #define HAVE_STDINT_H 1
| #define HAVE_UNISTD_H 1
| #define __EXTENSIONS__ 1
| #define _ALL_SOURCE 1
| #define _GNU_SOURCE 1
| #define _POSIX_PTHREAD_SEMANTICS 1
| #define _TANDEM_SOURCE 1
| #define STDC_HEADERS 1
| #define HAVE_LIMITS_H 1
| #define HAVE_INTTYPES_H 1
| #define HAVE_STRINGS_H 1
| #define HAVE_STDBOOL_H 1
| #define restrict __restrict
| #define HAVE_WORKING_BOOL 1
| #define WORDS_LITTLEENDIAN 1
| #define HAVE_STRCSPN 1
| #define HAVE_STRSPN 1
| #define HAVE_VSNPRINTF 1
| /* end confdefs.h.  */
| /* Define _vsnprintf to an innocuous variant, in case <limits.h> declares _vsnprintf.
|    For example, HP-UX 11i <limits.h> declares gettimeofday.  */
| #define _vsnprintf innocuous__vsnprintf
| 
| /* System header to define __stub macros and hopefully few prototypes,
|     which can conflict with char _vsnprintf (); below.
|     Prefer <limits.h> to <assert.h> if __STDC__ is defined, since
|     <limits.h> exists even on freestanding compilers.  */
| 
| #ifdef __STDC__
| # include <limits.h>
| #else
| # include <assert.h>
| #endif
| 
| #undef _vsnprintf
| 
| /* Override any GCC internal prototype to avoid an error.
|    Use char because int might match the return type of a GCC
|    builtin and then its argument prototype would still apply.  */
| #ifdef __cplusplus
| extern "C"
| #endif
| char _vsnprintf ();
| /* The GNU C library defines this for functions which it implements
|     to always fail with ENOSYS.  Some functions are actually named
|     something starting with __ and the normal name is an alias.  */
| #if defined __stub__vsnprintf || defined __stub____vsnprintf
| choke me
| #endif
| 
| int
| main ()
| {
| return _vsnprintf ();
|   ;
|   return 0;
| }
configure:5161: result: no
configure:5179: checking for snprintf
configure:5179: gcc -o conftest -g -O2 -W -Wall -std=c99 -pedantic   conftest.c  >&5
conftest.c:58: warning: conflicting types for built-in function 'snprintf'
configure:5179: $? = 0
configure:5179: result: yes
configure:5179: checking for _snprintf
configure:5179: gcc -o conftest -g -O2 -W -Wall -std=c99 -pedantic   conftest.c  >&5
/tmp/ccI8jp6a.o: In function `main':
/fs/junkfood/bryanta/nasm-2.09.05/conftest.c:70: undefined reference to `_snprintf'
collect2: ld returned 1 exit status
configure:5179: $? = 1
configure: failed program was:
| /* confdefs.h */
| #define PACKAGE_NAME ""
| #define PACKAGE_TARNAME ""
| #define PACKAGE_VERSION ""
| #define PACKAGE_STRING ""
| #define PACKAGE_BUGREPORT ""
| #define PACKAGE_URL ""
| #define STDC_HEADERS 1
| #define HAVE_SYS_TYPES_H 1
| #define HAVE_SYS_STAT_H 1
| #define HAVE_STDLIB_H 1
| #define HAVE_STRING_H 1
| #define HAVE_MEMORY_H 1
| #define HAVE_STRINGS_H 1
| #define HAVE_INTTYPES_H 1
| #define HAVE_STDINT_H 1
| #define HAVE_UNISTD_H 1
| #define __EXTENSIONS__ 1
| #define _ALL_SOURCE 1
| #define _GNU_SOURCE 1
| #define _POSIX_PTHREAD_SEMANTICS 1
| #define _TANDEM_SOURCE 1
| #define STDC_HEADERS 1
| #define HAVE_LIMITS_H 1
| #define HAVE_INTTYPES_H 1
| #define HAVE_STRINGS_H 1
| #define HAVE_STDBOOL_H 1
| #define restrict __restrict
| #define HAVE_WORKING_BOOL 1
| #define WORDS_LITTLEENDIAN 1
| #define HAVE_STRCSPN 1
| #define HAVE_STRSPN 1
| #define HAVE_VSNPRINTF 1
| #define HAVE_SNPRINTF 1
| /* end confdefs.h.  */
| /* Define _snprintf to an innocuous variant, in case <limits.h> declares _snprintf.
|    For example, HP-UX 11i <limits.h> declares gettimeofday.  */
| #define _snprintf innocuous__snprintf
| 
| /* System header to define __stub macros and hopefully few prototypes,
|     which can conflict with char _snprintf (); below.
|     Prefer <limits.h> to <assert.h> if __STDC__ is defined, since
|     <limits.h> exists even on freestanding compilers.  */
| 
| #ifdef __STDC__
| # include <limits.h>
| #else
| # include <assert.h>
| #endif
| 
| #undef _snprintf
| 
| /* Override any GCC internal prototype to avoid an error.
|    Use char because int might match the return type of a GCC
|    builtin and then its argument prototype would still apply.  */
| #ifdef __cplusplus
| extern "C"
| #endif
| char _snprintf ();
| /* The GNU C library defines this for functions which it implements
|     to always fail with ENOSYS.  Some functions are actually named
|     something starting with __ and the normal name is an alias.  */
| #if defined __stub__snprintf || defined __stub____snprintf
| choke me
| #endif
| 
| int
| main ()
| {
| return _snprintf ();
|   ;
|   return 0;
| }
configure:5179: result: no
configure:5196: checking for strcasecmp
configure:5196: gcc -o conftest -g -O2 -W -Wall -std=c99 -pedantic   conftest.c  >&5
configure:5196: $? = 0
configure:5196: result: yes
configure:5196: checking for stricmp
configure:5196: gcc -o conftest -g -O2 -W -Wall -std=c99 -pedantic   conftest.c  >&5
/tmp/ccMjidvB.o: In function `main':
/fs/junkfood/bryanta/nasm-2.09.05/conftest.c:71: undefined reference to `stricmp'
collect2: ld returned 1 exit status
configure:5196: $? = 1
configure: failed program was:
| /* confdefs.h */
| #define PACKAGE_NAME ""
| #define PACKAGE_TARNAME ""
| #define PACKAGE_VERSION ""
| #define PACKAGE_STRING ""
| #define PACKAGE_BUGREPORT ""
| #define PACKAGE_URL ""
| #define STDC_HEADERS 1
| #define HAVE_SYS_TYPES_H 1
| #define HAVE_SYS_STAT_H 1
| #define HAVE_STDLIB_H 1
| #define HAVE_STRING_H 1
| #define HAVE_MEMORY_H 1
| #define HAVE_STRINGS_H 1
| #define HAVE_INTTYPES_H 1
| #define HAVE_STDINT_H 1
| #define HAVE_UNISTD_H 1
| #define __EXTENSIONS__ 1
| #define _ALL_SOURCE 1
| #define _GNU_SOURCE 1
| #define _POSIX_PTHREAD_SEMANTICS 1
| #define _TANDEM_SOURCE 1
| #define STDC_HEADERS 1
| #define HAVE_LIMITS_H 1
| #define HAVE_INTTYPES_H 1
| #define HAVE_STRINGS_H 1
| #define HAVE_STDBOOL_H 1
| #define restrict __restrict
| #define HAVE_WORKING_BOOL 1
| #define WORDS_LITTLEENDIAN 1
| #define HAVE_STRCSPN 1
| #define HAVE_STRSPN 1
| #define HAVE_VSNPRINTF 1
| #define HAVE_SNPRINTF 1
| #define HAVE_STRCASECMP 1
| /* end confdefs.h.  */
| /* Define stricmp to an innocuous variant, in case <limits.h> declares stricmp.
|    For example, HP-UX 11i <limits.h> declares gettimeofday.  */
| #define stricmp innocuous_stricmp
| 
| /* System header to define __stub macros and hopefully few prototypes,
|     which can conflict with char stricmp (); below.
|     Prefer <limits.h> to <assert.h> if __STDC__ is defined, since
|     <limits.h> exists even on freestanding compilers.  */
| 
| #ifdef __STDC__
| # include <limits.h>
| #else
| # include <assert.h>
| #endif
| 
| #undef stricmp
| 
| /* Override any GCC internal prototype to avoid an error.
|    Use char because int might match the return type of a GCC
|    builtin and then its argument prototype would still apply.  */
| #ifdef __cplusplus
| extern "C"
| #endif
| char stricmp ();
| /* The GNU C library defines this for functions which it implements
|     to always fail with ENOSYS.  Some functions are actually named
|     something starting with __ and the normal name is an alias.  */
| #if defined __stub_stricmp || defined __stub___stricmp
| choke me
| #endif
| 
| int
| main ()
| {
| return stricmp ();
|   ;
|   return 0;
| }
configure:5196: result: no
configure:5209: checking for strncasecmp
configure:5209: gcc -o conftest -g -O2 -W -Wall -std=c99 -pedantic   conftest.c  >&5
configure:5209: $? = 0
configure:5209: result: yes
configure:5209: checking for strnicmp
configure:5209: gcc -o conftest -g -O2 -W -Wall -std=c99 -pedantic   conftest.c  >&5
/tmp/cckWQ3Q1.o: In function `main':
/fs/junkfood/bryanta/nasm-2.09.05/conftest.c:72: undefined reference to `strnicmp'
collect2: ld returned 1 exit status
configure:5209: $? = 1
configure: failed program was:
| /* confdefs.h */
| #define PACKAGE_NAME ""
| #define PACKAGE_TARNAME ""
| #define PACKAGE_VERSION ""
| #define PACKAGE_STRING ""
| #define PACKAGE_BUGREPORT ""
| #define PACKAGE_URL ""
| #define STDC_HEADERS 1
| #define HAVE_SYS_TYPES_H 1
| #define HAVE_SYS_STAT_H 1
| #define HAVE_STDLIB_H 1
| #define HAVE_STRING_H 1
| #define HAVE_MEMORY_H 1
| #define HAVE_STRINGS_H 1
| #define HAVE_INTTYPES_H 1
| #define HAVE_STDINT_H 1
| #define HAVE_UNISTD_H 1
| #define __EXTENSIONS__ 1
| #define _ALL_SOURCE 1
| #define _GNU_SOURCE 1
| #define _POSIX_PTHREAD_SEMANTICS 1
| #define _TANDEM_SOURCE 1
| #define STDC_HEADERS 1
| #define HAVE_LIMITS_H 1
| #define HAVE_INTTYPES_H 1
| #define HAVE_STRINGS_H 1
| #define HAVE_STDBOOL_H 1
| #define restrict __restrict
| #define HAVE_WORKING_BOOL 1
| #define WORDS_LITTLEENDIAN 1
| #define HAVE_STRCSPN 1
| #define HAVE_STRSPN 1
| #define HAVE_VSNPRINTF 1
| #define HAVE_SNPRINTF 1
| #define HAVE_STRCASECMP 1
| #define HAVE_STRNCASECMP 1
| /* end confdefs.h.  */
| /* Define strnicmp to an innocuous variant, in case <limits.h> declares strnicmp.
|    For example, HP-UX 11i <limits.h> declares gettimeofday.  */
| #define strnicmp innocuous_strnicmp
| 
| /* System header to define __stub macros and hopefully few prototypes,
|     which can conflict with char strnicmp (); below.
|     Prefer <limits.h> to <assert.h> if __STDC__ is defined, since
|     <limits.h> exists even on freestanding compilers.  */
| 
| #ifdef __STDC__
| # include <limits.h>
| #else
| # include <assert.h>
| #endif
| 
| #undef strnicmp
| 
| /* Override any GCC internal prototype to avoid an error.
|    Use char because int might match the return type of a GCC
|    builtin and then its argument prototype would still apply.  */
| #ifdef __cplusplus
| extern "C"
| #endif
| char strnicmp ();
| /* The GNU C library defines this for functions which it implements
|     to always fail with ENOSYS.  Some functions are actually named
|     something starting with __ and the normal name is an alias.  */
| #if defined __stub_strnicmp || defined __stub___strnicmp
| choke me
| #endif
| 
| int
| main ()
| {
| return strnicmp ();
|   ;
|   return 0;
| }
configure:5209: result: no
configure:5221: checking for strsep
configure:5221: gcc -o conftest -g -O2 -W -Wall -std=c99 -pedantic   conftest.c  >&5
configure:5221: $? = 0
configure:5221: result: yes
configure:5232: checking for strlcpy
configure:5232: gcc -o conftest -g -O2 -W -Wall -std=c99 -pedantic   conftest.c  >&5
/tmp/cc6dnkjp.o: In function `main':
/fs/junkfood/bryanta/nasm-2.09.05/conftest.c:73: undefined reference to `strlcpy'
collect2: ld returned 1 exit status
configure:5232: $? = 1
configure: failed program was:
| /* confdefs.h */
| #define PACKAGE_NAME ""
| #define PACKAGE_TARNAME ""
| #define PACKAGE_VERSION ""
| #define PACKAGE_STRING ""
| #define PACKAGE_BUGREPORT ""
| #define PACKAGE_URL ""
| #define STDC_HEADERS 1
| #define HAVE_SYS_TYPES_H 1
| #define HAVE_SYS_STAT_H 1
| #define HAVE_STDLIB_H 1
| #define HAVE_STRING_H 1
| #define HAVE_MEMORY_H 1
| #define HAVE_STRINGS_H 1
| #define HAVE_INTTYPES_H 1
| #define HAVE_STDINT_H 1
| #define HAVE_UNISTD_H 1
| #define __EXTENSIONS__ 1
| #define _ALL_SOURCE 1
| #define _GNU_SOURCE 1
| #define _POSIX_PTHREAD_SEMANTICS 1
| #define _TANDEM_SOURCE 1
| #define STDC_HEADERS 1
| #define HAVE_LIMITS_H 1
| #define HAVE_INTTYPES_H 1
| #define HAVE_STRINGS_H 1
| #define HAVE_STDBOOL_H 1
| #define restrict __restrict
| #define HAVE_WORKING_BOOL 1
| #define WORDS_LITTLEENDIAN 1
| #define HAVE_STRCSPN 1
| #define HAVE_STRSPN 1
| #define HAVE_VSNPRINTF 1
| #define HAVE_SNPRINTF 1
| #define HAVE_STRCASECMP 1
| #define HAVE_STRNCASECMP 1
| #define HAVE_STRSEP 1
| /* end confdefs.h.  */
| /* Define strlcpy to an innocuous variant, in case <limits.h> declares strlcpy.
|    For example, HP-UX 11i <limits.h> declares gettimeofday.  */
| #define strlcpy innocuous_strlcpy
| 
| /* System header to define __stub macros and hopefully few prototypes,
|     which can conflict with char strlcpy (); below.
|     Prefer <limits.h> to <assert.h> if __STDC__ is defined, since
|     <limits.h> exists even on freestanding compilers.  */
| 
| #ifdef __STDC__
| # include <limits.h>
| #else
| # include <assert.h>
| #endif
| 
| #undef strlcpy
| 
| /* Override any GCC internal prototype to avoid an error.
|    Use char because int might match the return type of a GCC
|    builtin and then its argument prototype would still apply.  */
| #ifdef __cplusplus
| extern "C"
| #endif
| char strlcpy ();
| /* The GNU C library defines this for functions which it implements
|     to always fail with ENOSYS.  Some functions are actually named
|     something starting with __ and the normal name is an alias.  */
| #if defined __stub_strlcpy || defined __stub___strlcpy
| choke me
| #endif
| 
| int
| main ()
| {
| return strlcpy ();
|   ;
|   return 0;
| }
configure:5232: result: no
configure:5244: checking for getuid
configure:5244: gcc -o conftest -g -O2 -W -Wall -std=c99 -pedantic   conftest.c  >&5
configure:5244: $? = 0
configure:5244: result: yes
configure:5255: checking for getgid
configure:5255: gcc -o conftest -g -O2 -W -Wall -std=c99 -pedantic   conftest.c  >&5
configure:5255: $? = 0
configure:5255: result: yes
configure:5265: checking whether strcasecmp is declared
configure:5265: gcc -c -g -O2 -W -Wall -std=c99 -pedantic  conftest.c >&5
configure:5265: $? = 0
configure:5265: result: yes
configure:5276: checking whether stricmp is declared
configure:5276: gcc -c -g -O2 -W -Wall -std=c99 -pedantic  conftest.c >&5
conftest.c: In function 'main':
conftest.c:79: error: 'stricmp' undeclared (first use in this function)
conftest.c:79: error: (Each undeclared identifier is reported only once
conftest.c:79: error: for each function it appears in.)
configure:5276: $? = 1
configure: failed program was:
| /* confdefs.h */
| #define PACKAGE_NAME ""
| #define PACKAGE_TARNAME ""
| #define PACKAGE_VERSION ""
| #define PACKAGE_STRING ""
| #define PACKAGE_BUGREPORT ""
| #define PACKAGE_URL ""
| #define STDC_HEADERS 1
| #define HAVE_SYS_TYPES_H 1
| #define HAVE_SYS_STAT_H 1
| #define HAVE_STDLIB_H 1
| #define HAVE_STRING_H 1
| #define HAVE_MEMORY_H 1
| #define HAVE_STRINGS_H 1
| #define HAVE_INTTYPES_H 1
| #define HAVE_STDINT_H 1
| #define HAVE_UNISTD_H 1
| #define __EXTENSIONS__ 1
| #define _ALL_SOURCE 1
| #define _GNU_SOURCE 1
| #define _POSIX_PTHREAD_SEMANTICS 1
| #define _TANDEM_SOURCE 1
| #define STDC_HEADERS 1
| #define HAVE_LIMITS_H 1
| #define HAVE_INTTYPES_H 1
| #define HAVE_STRINGS_H 1
| #define HAVE_STDBOOL_H 1
| #define restrict __restrict
| #define HAVE_WORKING_BOOL 1
| #define WORDS_LITTLEENDIAN 1
| #define HAVE_STRCSPN 1
| #define HAVE_STRSPN 1
| #define HAVE_VSNPRINTF 1
| #define HAVE_SNPRINTF 1
| #define HAVE_STRCASECMP 1
| #define HAVE_STRNCASECMP 1
| #define HAVE_STRSEP 1
| #define HAVE_GETUID 1
| #define HAVE_GETGID 1
| #define HAVE_DECL_STRCASECMP 1
| /* end confdefs.h.  */
| #include <stdio.h>
| #ifdef HAVE_SYS_TYPES_H
| # include <sys/types.h>
| #endif
| #ifdef HAVE_SYS_STAT_H
| # include <sys/stat.h>
| #endif
| #ifdef STDC_HEADERS
| # include <stdlib.h>
| # include <stddef.h>
| #else
| # ifdef HAVE_STDLIB_H
| #  include <stdlib.h>
| # endif
| #endif
| #ifdef HAVE_STRING_H
| # if !defined STDC_HEADERS && defined HAVE_MEMORY_H
| #  include <memory.h>
| # endif
| # include <string.h>
| #endif
| #ifdef HAVE_STRINGS_H
| # include <strings.h>
| #endif
| #ifdef HAVE_INTTYPES_H
| # include <inttypes.h>
| #endif
| #ifdef HAVE_STDINT_H
| # include <stdint.h>
| #endif
| #ifdef HAVE_UNISTD_H
| # include <unistd.h>
| #endif
| int
| main ()
| {
| #ifndef stricmp
|   (void) stricmp;
| #endif
| 
|   ;
|   return 0;
| }
configure:5276: result: no
configure:5287: checking whether strncasecmp is declared
configure:5287: gcc -c -g -O2 -W -Wall -std=c99 -pedantic  conftest.c >&5
configure:5287: $? = 0
configure:5287: result: yes
configure:5298: checking whether strnicmp is declared
configure:5298: gcc -c -g -O2 -W -Wall -std=c99 -pedantic  conftest.c >&5
conftest.c: In function 'main':
conftest.c:81: error: 'strnicmp' undeclared (first use in this function)
conftest.c:81: error: (Each undeclared identifier is reported only once
conftest.c:81: error: for each function it appears in.)
configure:5298: $? = 1
configure: failed program was:
| /* confdefs.h */
| #define PACKAGE_NAME ""
| #define PACKAGE_TARNAME ""
| #define PACKAGE_VERSION ""
| #define PACKAGE_STRING ""
| #define PACKAGE_BUGREPORT ""
| #define PACKAGE_URL ""
| #define STDC_HEADERS 1
| #define HAVE_SYS_TYPES_H 1
| #define HAVE_SYS_STAT_H 1
| #define HAVE_STDLIB_H 1
| #define HAVE_STRING_H 1
| #define HAVE_MEMORY_H 1
| #define HAVE_STRINGS_H 1
| #define HAVE_INTTYPES_H 1
| #define HAVE_STDINT_H 1
| #define HAVE_UNISTD_H 1
| #define __EXTENSIONS__ 1
| #define _ALL_SOURCE 1
| #define _GNU_SOURCE 1
| #define _POSIX_PTHREAD_SEMANTICS 1
| #define _TANDEM_SOURCE 1
| #define STDC_HEADERS 1
| #define HAVE_LIMITS_H 1
| #define HAVE_INTTYPES_H 1
| #define HAVE_STRINGS_H 1
| #define HAVE_STDBOOL_H 1
| #define restrict __restrict
| #define HAVE_WORKING_BOOL 1
| #define WORDS_LITTLEENDIAN 1
| #define HAVE_STRCSPN 1
| #define HAVE_STRSPN 1
| #define HAVE_VSNPRINTF 1
| #define HAVE_SNPRINTF 1
| #define HAVE_STRCASECMP 1
| #define HAVE_STRNCASECMP 1
| #define HAVE_STRSEP 1
| #define HAVE_GETUID 1
| #define HAVE_GETGID 1
| #define HAVE_DECL_STRCASECMP 1
| #define HAVE_DECL_STRICMP 0
| #define HAVE_DECL_STRNCASECMP 1
| /* end confdefs.h.  */
| #include <stdio.h>
| #ifdef HAVE_SYS_TYPES_H
| # include <sys/types.h>
| #endif
| #ifdef HAVE_SYS_STAT_H
| # include <sys/stat.h>
| #endif
| #ifdef STDC_HEADERS
| # include <stdlib.h>
| # include <stddef.h>
| #else
| # ifdef HAVE_STDLIB_H
| #  include <stdlib.h>
| # endif
| #endif
| #ifdef HAVE_STRING_H
| # if !defined STDC_HEADERS && defined HAVE_MEMORY_H
| #  include <memory.h>
| # endif
| # include <string.h>
| #endif
| #ifdef HAVE_STRINGS_H
| # include <strings.h>
| #endif
| #ifdef HAVE_INTTYPES_H
| # include <inttypes.h>
| #endif
| #ifdef HAVE_STDINT_H
| # include <stdint.h>
| #endif
| #ifdef HAVE_UNISTD_H
| # include <unistd.h>
| #endif
| int
| main ()
| {
| #ifndef strnicmp
|   (void) strnicmp;
| #endif
| 
|   ;
|   return 0;
| }
configure:5298: result: no
configure:5309: checking whether strsep is declared
configure:5309: gcc -c -g -O2 -W -Wall -std=c99 -pedantic  conftest.c >&5
configure:5309: $? = 0
configure:5309: result: yes
configure:5320: checking whether strlcpy is declared
configure:5320: gcc -c -g -O2 -W -Wall -std=c99 -pedantic  conftest.c >&5
conftest.c: In function 'main':
conftest.c:83: error: 'strlcpy' undeclared (first use in this function)
conftest.c:83: error: (Each undeclared identifier is reported only once
conftest.c:83: error: for each function it appears in.)
configure:5320: $? = 1
configure: failed program was:
| /* confdefs.h */
| #define PACKAGE_NAME ""
| #define PACKAGE_TARNAME ""
| #define PACKAGE_VERSION ""
| #define PACKAGE_STRING ""
| #define PACKAGE_BUGREPORT ""
| #define PACKAGE_URL ""
| #define STDC_HEADERS 1
| #define HAVE_SYS_TYPES_H 1
| #define HAVE_SYS_STAT_H 1
| #define HAVE_STDLIB_H 1
| #define HAVE_STRING_H 1
| #define HAVE_MEMORY_H 1
| #define HAVE_STRINGS_H 1
| #define HAVE_INTTYPES_H 1
| #define HAVE_STDINT_H 1
| #define HAVE_UNISTD_H 1
| #define __EXTENSIONS__ 1
| #define _ALL_SOURCE 1
| #define _GNU_SOURCE 1
| #define _POSIX_PTHREAD_SEMANTICS 1
| #define _TANDEM_SOURCE 1
| #define STDC_HEADERS 1
| #define HAVE_LIMITS_H 1
| #define HAVE_INTTYPES_H 1
| #define HAVE_STRINGS_H 1
| #define HAVE_STDBOOL_H 1
| #define restrict __restrict
| #define HAVE_WORKING_BOOL 1
| #define WORDS_LITTLEENDIAN 1
| #define HAVE_STRCSPN 1
| #define HAVE_STRSPN 1
| #define HAVE_VSNPRINTF 1
| #define HAVE_SNPRINTF 1
| #define HAVE_STRCASECMP 1
| #define HAVE_STRNCASECMP 1
| #define HAVE_STRSEP 1
| #define HAVE_GETUID 1
| #define HAVE_GETGID 1
| #define HAVE_DECL_STRCASECMP 1
| #define HAVE_DECL_STRICMP 0
| #define HAVE_DECL_STRNCASECMP 1
| #define HAVE_DECL_STRNICMP 0
| #define HAVE_DECL_STRSEP 1
| /* end confdefs.h.  */
| #include <stdio.h>
| #ifdef HAVE_SYS_TYPES_H
| # include <sys/types.h>
| #endif
| #ifdef HAVE_SYS_STAT_H
| # include <sys/stat.h>
| #endif
| #ifdef STDC_HEADERS
| # include <stdlib.h>
| # include <stddef.h>
| #else
| # ifdef HAVE_STDLIB_H
| #  include <stdlib.h>
| # endif
| #endif
| #ifdef HAVE_STRING_H
| # if !defined STDC_HEADERS && defined HAVE_MEMORY_H
| #  include <memory.h>
| # endif
| # include <string.h>
| #endif
| #ifdef HAVE_STRINGS_H
| # include <strings.h>
| #endif
| #ifdef HAVE_INTTYPES_H
| # include <inttypes.h>
| #endif
| #ifdef HAVE_STDINT_H
| # include <stdint.h>
| #endif
| #ifdef HAVE_UNISTD_H
| # include <unistd.h>
| #endif
| int
| main ()
| {
| #ifndef strlcpy
|   (void) strlcpy;
| #endif
| 
|   ;
|   return 0;
| }
configure:5320: result: no
configure:5446: creating ./config.status

## ---------------------- ##
## Running config.status. ##
## ---------------------- ##

This file was extended by config.status, which was
generated by GNU Autoconf 2.65.  Invocation command line was

  CONFIG_FILES    = 
  CONFIG_HEADERS  = 
  CONFIG_LINKS    = 
  CONFIG_COMMANDS = 
  $ ./config.status 

on fireball

config.status:853: creating Makefile
config.status:853: creating rdoff/Makefile
config.status:853: creating doc/Makefile
config.status:853: creating config.h
config.status:1019: config.h is unchanged
config.status:1033: executing default-1 commands

## ---------------- ##
## Cache variables. ##
## ---------------- ##

ac_cv_c_bigendian=no
ac_cv_c_compiler_gnu=yes
ac_cv_c_const=yes
ac_cv_c_inline=inline
ac_cv_c_restrict=__restrict
ac_cv_env_CC_set=
ac_cv_env_CC_value=
ac_cv_env_CFLAGS_set=
ac_cv_env_CFLAGS_value=
ac_cv_env_CPPFLAGS_set=
ac_cv_env_CPPFLAGS_value=
ac_cv_env_CPP_set=
ac_cv_env_CPP_value=
ac_cv_env_LDFLAGS_set=
ac_cv_env_LDFLAGS_value=
ac_cv_env_LIBS_set=
ac_cv_env_LIBS_value=
ac_cv_env_build_alias_set=
ac_cv_env_build_alias_value=
ac_cv_env_host_alias_set=
ac_cv_env_host_alias_value=
ac_cv_env_target_alias_set=
ac_cv_env_target_alias_value=
ac_cv_func__snprintf=no
ac_cv_func__vsnprintf=no
ac_cv_func_getgid=yes
ac_cv_func_getuid=yes
ac_cv_func_snprintf=yes
ac_cv_func_strcasecmp=yes
ac_cv_func_strcspn=yes
ac_cv_func_stricmp=no
ac_cv_func_strlcpy=no
ac_cv_func_strncasecmp=yes
ac_cv_func_strnicmp=no
ac_cv_func_strsep=yes
ac_cv_func_strspn=yes
ac_cv_func_vsnprintf=yes
ac_cv_have_decl_strcasecmp=yes
ac_cv_have_decl_stricmp=no
ac_cv_have_decl_strlcpy=no
ac_cv_have_decl_strncasecmp=yes
ac_cv_have_decl_strnicmp=no
ac_cv_have_decl_strsep=yes
ac_cv_header_inttypes_h=yes
ac_cv_header_limits_h=yes
ac_cv_header_memory_h=yes
ac_cv_header_minix_config_h=no
ac_cv_header_stdbool_h=yes
ac_cv_header_stdc=yes
ac_cv_header_stdint_h=yes
ac_cv_header_stdlib_h=yes
ac_cv_header_string_h=yes
ac_cv_header_strings_h=yes
ac_cv_header_sys_stat_h=yes
ac_cv_header_sys_types_h=yes
ac_cv_header_unistd_h=yes
ac_cv_objext=o
ac_cv_path_EGREP='/bin/grep -E'
ac_cv_path_GREP=/bin/grep
ac_cv_path_install='/usr/bin/install -c'
ac_cv_prog_CPP='gcc -E'
ac_cv_prog_NROFF=nroff
ac_cv_prog_PS2PDF=ps2pdf
ac_cv_prog_ac_ct_CC=gcc
ac_cv_prog_cc_c89=
ac_cv_prog_cc_g=yes
ac_cv_prog_make_make_set=yes
ac_cv_prog_make_vpathok=yes
ac_cv_safe_to_define___extensions__=yes
ac_cv_type_size_t=yes

## ----------------- ##
## Output variables. ##
## ----------------- ##

ACRODIST='false'
CC='gcc'
CFLAGS='-g -O2 -W -Wall -std=c99 -pedantic'
CPP='gcc -E'
CPPFLAGS=''
DEFS='-DHAVE_CONFIG_H'
ECHO_C=''
ECHO_N='-n'
ECHO_T=''
EGREP='/bin/grep -E'
EXEEXT=''
GREP='/bin/grep'
INSTALL_DATA='${INSTALL} -m 644'
INSTALL_PROGRAM='${INSTALL}'
INSTALL_SCRIPT='${INSTALL}'
LDFLAGS=''
LIBOBJS=''
LIBS=''
LN_S='ln -s'
LTLIBOBJS=''
NROFF='nroff'
OBJEXT='o'
PACKAGE_BUGREPORT=''
PACKAGE_NAME=''
PACKAGE_STRING=''
PACKAGE_TARNAME=''
PACKAGE_URL=''
PACKAGE_VERSION=''
PATH_SEPARATOR=':'
PS2PDF='ps2pdf'
PSTOPDF='false'
SET_MAKE=''
SHELL='/bin/sh'
XOBJS=''
ac_ct_CC='gcc'
ac_prefix_program=''
bindir='${exec_prefix}/bin'
build_alias=''
datadir='${datarootdir}'
datarootdir='${prefix}/share'
docdir='${datarootdir}/doc/${PACKAGE}'
dvidir='${docdir}'
exec_prefix='${prefix}'
host_alias=''
htmldir='${docdir}'
includedir='${prefix}/include'
infodir='${datarootdir}/info'
libdir='${exec_prefix}/lib'
libexecdir='${exec_prefix}/libexec'
localedir='${datarootdir}/locale'
localstatedir='${prefix}/var'
mandir='${datarootdir}/man'
oldincludedir='/usr/include'
pdfdir='${docdir}'
prefix='/usr/local'
program_transform_name='s,x,x,'
psdir='${docdir}'
sbindir='${exec_prefix}/sbin'
sharedstatedir='${prefix}/com'
sysconfdir='${prefix}/etc'
target_alias=''

## ----------- ##
## confdefs.h. ##
## ----------- ##

/* confdefs.h */
#define PACKAGE_NAME ""
#define PACKAGE_TARNAME ""
#define PACKAGE_VERSION ""
#define PACKAGE_STRING ""
#define PACKAGE_BUGREPORT ""
#define PACKAGE_URL ""
#define STDC_HEADERS 1
#define HAVE_SYS_TYPES_H 1
#define HAVE_SYS_STAT_H 1
#define HAVE_STDLIB_H 1
#define HAVE_STRING_H 1
#define HAVE_MEMORY_H 1
#define HAVE_STRINGS_H 1
#define HAVE_INTTYPES_H 1
#define HAVE_STDINT_H 1
#define HAVE_UNISTD_H 1
#define __EXTENSIONS__ 1
#define _ALL_SOURCE 1
#define _GNU_SOURCE 1
#define _POSIX_PTHREAD_SEMANTICS 1
#define _TANDEM_SOURCE 1
#define STDC_HEADERS 1
#define HAVE_LIMITS_H 1
#define HAVE_INTTYPES_H 1
#define HAVE_STRINGS_H 1
#define HAVE_STDBOOL_H 1
#define restrict __restrict
#define HAVE_WORKING_BOOL 1
#define WORDS_LITTLEENDIAN 1
#define HAVE_STRCSPN 1
#define HAVE_STRSPN 1
#define HAVE_VSNPRINTF 1
#define HAVE_SNPRINTF 1
#define HAVE_STRCASECMP 1
#define HAVE_STRNCASECMP 1
#define HAVE_STRSEP 1
#define HAVE_GETUID 1
#define HAVE_GETGID 1
#define HAVE_DECL_STRCASECMP 1
#define HAVE_DECL_STRICMP 0
#define HAVE_DECL_STRNCASECMP 1
#define HAVE_DECL_STRNICMP 0
#define HAVE_DECL_STRSEP 1
#define HAVE_DECL_STRLCPY 0

configure: exit 0
